<?xml version="1.0" encoding="UTF-8"?>
<!-- Generated by org.testng.reporters.JUnitXMLReporter -->
<testsuite hostname="5-WS-036" ignored="1" name="test1" tests="2" failures="0" timestamp="27 Nov 2018 10:00:22 GMT" time="0.04" errors="0">
  <testcase name="User" time="0.011" classname="TestNG.Grouping"/>
  <testcase name="myAccount" time="0.002" classname="TestNG.Grouping"/>
  <testcase name="signIn" time="0.0" classname="TestNG.Grouping">
    <ignored/>
  </testcase> <!-- signIn -->
</testsuite> <!-- test1 -->
